<?xml version="1.0" encoding="UTF-8"?>
<!-- Generated by org.testng.reporters.JUnitXMLReporter -->
<testsuite hostname="w3fn" ignored="0" name="Default test" tests="3" failures="0" timestamp="16 Jul 2017 13:48:25 GMT" time="0.278" errors="0">
  <testcase name="runningCodeOutputsExpectedText" time="0.148" classname="de.letsbuildacompiler.compiler.CompilerTest"/>
  <testcase name="runningCodeOutputsExpectedText" time="0.053" classname="de.letsbuildacompiler.compiler.CompilerTest"/>
  <testcase name="runningCodeOutputsExpectedText" time="0.052" classname="de.letsbuildacompiler.compiler.CompilerTest"/>
</testsuite> <!-- Default test -->
