<?xml version="1.0" encoding="UTF-8"?>
<testng-results skipped="0" failed="0" ignored="0" total="3" passed="3">
  <reporter-output>
  </reporter-output>
  <suite name="Default suite" duration-ms="278" started-at="2017-07-16T13:48:24Z" finished-at="2017-07-16T13:48:25Z">
    <groups>
    </groups>
    <test name="Default test" duration-ms="278" started-at="2017-07-16T13:48:24Z" finished-at="2017-07-16T13:48:25Z">
      <class name="de.letsbuildacompiler.compiler.CompilerTest">
        <test-method status="PASS" signature="createTempDir()[pri:0, instance:de.letsbuildacompiler.compiler.CompilerTest@6cc4c815]" name="createTempDir" is-config="true" duration-ms="6" started-at="2017-07-16T15:48:24Z" finished-at="2017-07-16T15:48:24Z">
          <reporter-output>
          </reporter-output>
        </test-method> <!-- createTempDir -->
        <test-method status="PASS" signature="runningCodeOutputsExpectedText(java.lang.String, java.lang.String)[pri:0, instance:de.letsbuildacompiler.compiler.CompilerTest@6cc4c815]" name="runningCodeOutputsExpectedText" duration-ms="148" started-at="2017-07-16T15:48:24Z" data-provider="provideCodeExpectedText" finished-at="2017-07-16T15:48:25Z">
          <params>
            <param index="0">
              <value>
                <![CDATA[println(1+2);]]>
              </value>
            </param>
            <param index="1">
              <value>
                <![CDATA[3
]]>
              </value>
            </param>
          </params>
          <reporter-output>
          </reporter-output>
        </test-method> <!-- runningCodeOutputsExpectedText -->
        <test-method status="PASS" signature="deleteTempDir()[pri:0, instance:de.letsbuildacompiler.compiler.CompilerTest@6cc4c815]" name="deleteTempDir" is-config="true" duration-ms="0" started-at="2017-07-16T15:48:25Z" finished-at="2017-07-16T15:48:25Z">
          <reporter-output>
          </reporter-output>
        </test-method> <!-- deleteTempDir -->
        <test-method status="PASS" signature="createTempDir()[pri:0, instance:de.letsbuildacompiler.compiler.CompilerTest@6cc4c815]" name="createTempDir" is-config="true" duration-ms="0" started-at="2017-07-16T15:48:25Z" finished-at="2017-07-16T15:48:25Z">
          <reporter-output>
          </reporter-output>
        </test-method> <!-- createTempDir -->
        <test-method status="PASS" signature="runningCodeOutputsExpectedText(java.lang.String, java.lang.String)[pri:0, instance:de.letsbuildacompiler.compiler.CompilerTest@6cc4c815]" name="runningCodeOutputsExpectedText" duration-ms="53" started-at="2017-07-16T15:48:25Z" data-provider="provideCodeExpectedText" finished-at="2017-07-16T15:48:25Z">
          <params>
            <param index="0">
              <value>
                <![CDATA[println(1+2+42);]]>
              </value>
            </param>
            <param index="1">
              <value>
                <![CDATA[45
]]>
              </value>
            </param>
          </params>
          <reporter-output>
          </reporter-output>
        </test-method> <!-- runningCodeOutputsExpectedText -->
        <test-method status="PASS" signature="deleteTempDir()[pri:0, instance:de.letsbuildacompiler.compiler.CompilerTest@6cc4c815]" name="deleteTempDir" is-config="true" duration-ms="1" started-at="2017-07-16T15:48:25Z" finished-at="2017-07-16T15:48:25Z">
          <reporter-output>
          </reporter-output>
        </test-method> <!-- deleteTempDir -->
        <test-method status="PASS" signature="runningCodeOutputsExpectedText(java.lang.String, java.lang.String)[pri:0, instance:de.letsbuildacompiler.compiler.CompilerTest@6cc4c815]" name="runningCodeOutputsExpectedText" duration-ms="52" started-at="2017-07-16T15:48:25Z" data-provider="provideCodeExpectedText" finished-at="2017-07-16T15:48:25Z">
          <params>
            <param index="0">
              <value>
                <![CDATA[println(1); println(2);]]>
              </value>
            </param>
            <param index="1">
              <value>
                <![CDATA[1
2
]]>
              </value>
            </param>
          </params>
          <reporter-output>
          </reporter-output>
        </test-method> <!-- runningCodeOutputsExpectedText -->
        <test-method status="PASS" signature="createTempDir()[pri:0, instance:de.letsbuildacompiler.compiler.CompilerTest@6cc4c815]" name="createTempDir" is-config="true" duration-ms="0" started-at="2017-07-16T15:48:25Z" finished-at="2017-07-16T15:48:25Z">
          <reporter-output>
          </reporter-output>
        </test-method> <!-- createTempDir -->
        <test-method status="PASS" signature="deleteTempDir()[pri:0, instance:de.letsbuildacompiler.compiler.CompilerTest@6cc4c815]" name="deleteTempDir" is-config="true" duration-ms="0" started-at="2017-07-16T15:48:25Z" finished-at="2017-07-16T15:48:25Z">
          <reporter-output>
          </reporter-output>
        </test-method> <!-- deleteTempDir -->
      </class> <!-- de.letsbuildacompiler.compiler.CompilerTest -->
    </test> <!-- Default test -->
  </suite> <!-- Default suite -->
</testng-results>
